Copyright 1986-2017 Xilinx, Inc. All Rights Reserved.
-----------------------------------------------------------------------------------------------------------------------------------------------
| Tool Version : Vivado v.2017.4 (win64) Build 2086221 Fri Dec 15 20:55:39 MST 2017
| Date         : Mon Aug  6 00:04:01 2018
| Host         : MICHAELKIRSE6E4 running 64-bit major release  (build 9200)
| Command      : report_methodology -file top_methodology_drc_routed.rpt -pb top_methodology_drc_routed.pb -rpx top_methodology_drc_routed.rpx
| Design       : top
| Device       : xc7a35ticsg324-1L
| Speed File   : -1L
| Design State : Routed
-----------------------------------------------------------------------------------------------------------------------------------------------

Report Methodology

Table of Contents
-----------------
1. REPORT SUMMARY
2. REPORT DETAILS

1. REPORT SUMMARY
-----------------
            Netlist: netlist
          Floorplan: design_1
      Design limits: <entire design considered>
             Max violations: <unlimited>
             Violations found: 81
+-----------+----------+-------------------------------+------------+
| Rule      | Severity | Description                   | Violations |
+-----------+----------+-------------------------------+------------+
| TIMING-17 | Warning  | Non-clocked sequential cell   | 67         |
| TIMING-18 | Warning  | Missing input or output delay | 14         |
+-----------+----------+-------------------------------+------------+

2. REPORT DETAILS
-----------------
TIMING-17#1 Warning
Non-clocked sequential cell  
The clock pin A_register7f6259ba_4079_4214_8482_3b7541d380bc/Q_reg[0]/C is not reached by a timing clock
Related violations: <none>

TIMING-17#2 Warning
Non-clocked sequential cell  
The clock pin A_register7f6259ba_4079_4214_8482_3b7541d380bc/Q_reg[1]/C is not reached by a timing clock
Related violations: <none>

TIMING-17#3 Warning
Non-clocked sequential cell  
The clock pin A_register7f6259ba_4079_4214_8482_3b7541d380bc/Q_reg[2]/C is not reached by a timing clock
Related violations: <none>

TIMING-17#4 Warning
Non-clocked sequential cell  
The clock pin A_register7f6259ba_4079_4214_8482_3b7541d380bc/Q_reg[3]/C is not reached by a timing clock
Related violations: <none>

TIMING-17#5 Warning
Non-clocked sequential cell  
The clock pin A_register7f6259ba_4079_4214_8482_3b7541d380bc/Q_reg[4]/C is not reached by a timing clock
Related violations: <none>

TIMING-17#6 Warning
Non-clocked sequential cell  
The clock pin A_register7f6259ba_4079_4214_8482_3b7541d380bc/Q_reg[5]/C is not reached by a timing clock
Related violations: <none>

TIMING-17#7 Warning
Non-clocked sequential cell  
The clock pin A_register7f6259ba_4079_4214_8482_3b7541d380bc/Q_reg[6]/C is not reached by a timing clock
Related violations: <none>

TIMING-17#8 Warning
Non-clocked sequential cell  
The clock pin A_register7f6259ba_4079_4214_8482_3b7541d380bc/Q_reg[7]/C is not reached by a timing clock
Related violations: <none>

TIMING-17#9 Warning
Non-clocked sequential cell  
The clock pin B_register6a6161ba_30b5_46f4_b70b_5d08d83841f2/Q_reg[0]/C is not reached by a timing clock
Related violations: <none>

TIMING-17#10 Warning
Non-clocked sequential cell  
The clock pin B_register6a6161ba_30b5_46f4_b70b_5d08d83841f2/Q_reg[1]/C is not reached by a timing clock
Related violations: <none>

TIMING-17#11 Warning
Non-clocked sequential cell  
The clock pin B_register6a6161ba_30b5_46f4_b70b_5d08d83841f2/Q_reg[2]/C is not reached by a timing clock
Related violations: <none>

TIMING-17#12 Warning
Non-clocked sequential cell  
The clock pin B_register6a6161ba_30b5_46f4_b70b_5d08d83841f2/Q_reg[3]/C is not reached by a timing clock
Related violations: <none>

TIMING-17#13 Warning
Non-clocked sequential cell  
The clock pin B_register6a6161ba_30b5_46f4_b70b_5d08d83841f2/Q_reg[4]/C is not reached by a timing clock
Related violations: <none>

TIMING-17#14 Warning
Non-clocked sequential cell  
The clock pin B_register6a6161ba_30b5_46f4_b70b_5d08d83841f2/Q_reg[5]/C is not reached by a timing clock
Related violations: <none>

TIMING-17#15 Warning
Non-clocked sequential cell  
The clock pin B_register6a6161ba_30b5_46f4_b70b_5d08d83841f2/Q_reg[6]/C is not reached by a timing clock
Related violations: <none>

TIMING-17#16 Warning
Non-clocked sequential cell  
The clock pin B_register6a6161ba_30b5_46f4_b70b_5d08d83841f2/Q_reg[7]/C is not reached by a timing clock
Related violations: <none>

TIMING-17#17 Warning
Non-clocked sequential cell  
The clock pin OUT_registerb6bda39a_f152_436e_a45e_e386c475386c/Q_reg[0]/C is not reached by a timing clock
Related violations: <none>

TIMING-17#18 Warning
Non-clocked sequential cell  
The clock pin OUT_registerb6bda39a_f152_436e_a45e_e386c475386c/Q_reg[1]/C is not reached by a timing clock
Related violations: <none>

TIMING-17#19 Warning
Non-clocked sequential cell  
The clock pin OUT_registerb6bda39a_f152_436e_a45e_e386c475386c/Q_reg[2]/C is not reached by a timing clock
Related violations: <none>

TIMING-17#20 Warning
Non-clocked sequential cell  
The clock pin OUT_registerb6bda39a_f152_436e_a45e_e386c475386c/Q_reg[3]/C is not reached by a timing clock
Related violations: <none>

TIMING-17#21 Warning
Non-clocked sequential cell  
The clock pin OUT_registerb6bda39a_f152_436e_a45e_e386c475386c/Q_reg[4]/C is not reached by a timing clock
Related violations: <none>

TIMING-17#22 Warning
Non-clocked sequential cell  
The clock pin OUT_registerb6bda39a_f152_436e_a45e_e386c475386c/Q_reg[5]/C is not reached by a timing clock
Related violations: <none>

TIMING-17#23 Warning
Non-clocked sequential cell  
The clock pin OUT_registerb6bda39a_f152_436e_a45e_e386c475386c/Q_reg[6]/C is not reached by a timing clock
Related violations: <none>

TIMING-17#24 Warning
Non-clocked sequential cell  
The clock pin OUT_registerb6bda39a_f152_436e_a45e_e386c475386c/Q_reg[7]/C is not reached by a timing clock
Related violations: <none>

TIMING-17#25 Warning
Non-clocked sequential cell  
The clock pin Program_Counterc36da09d_cc52_43a9_a1d9_c841131cb066/Q_reg[0]/C is not reached by a timing clock
Related violations: <none>

TIMING-17#26 Warning
Non-clocked sequential cell  
The clock pin Program_Counterc36da09d_cc52_43a9_a1d9_c841131cb066/Q_reg[1]/C is not reached by a timing clock
Related violations: <none>

TIMING-17#27 Warning
Non-clocked sequential cell  
The clock pin Program_Counterc36da09d_cc52_43a9_a1d9_c841131cb066/Q_reg[2]/C is not reached by a timing clock
Related violations: <none>

TIMING-17#28 Warning
Non-clocked sequential cell  
The clock pin Program_Counterc36da09d_cc52_43a9_a1d9_c841131cb066/Q_reg[3]/C is not reached by a timing clock
Related violations: <none>

TIMING-17#29 Warning
Non-clocked sequential cell  
The clock pin Program_Counterc36da09d_cc52_43a9_a1d9_c841131cb066/Q_reg[4]/C is not reached by a timing clock
Related violations: <none>

TIMING-17#30 Warning
Non-clocked sequential cell  
The clock pin Program_Counterc36da09d_cc52_43a9_a1d9_c841131cb066/Q_reg[5]/C is not reached by a timing clock
Related violations: <none>

TIMING-17#31 Warning
Non-clocked sequential cell  
The clock pin Program_Counterc36da09d_cc52_43a9_a1d9_c841131cb066/Q_reg[6]/C is not reached by a timing clock
Related violations: <none>

TIMING-17#32 Warning
Non-clocked sequential cell  
The clock pin Program_Counterc36da09d_cc52_43a9_a1d9_c841131cb066/Q_reg[7]/C is not reached by a timing clock
Related violations: <none>

TIMING-17#33 Warning
Non-clocked sequential cell  
The clock pin flags_register7767ffe9_fc7b_465a_994c_5b37fa114233/Q_reg[0]/C is not reached by a timing clock
Related violations: <none>

TIMING-17#34 Warning
Non-clocked sequential cell  
The clock pin flags_register7767ffe9_fc7b_465a_994c_5b37fa114233/Q_reg[1]/C is not reached by a timing clock
Related violations: <none>

TIMING-17#35 Warning
Non-clocked sequential cell  
The clock pin flags_register7767ffe9_fc7b_465a_994c_5b37fa114233/Q_reg[2]/C is not reached by a timing clock
Related violations: <none>

TIMING-17#36 Warning
Non-clocked sequential cell  
The clock pin flags_register7767ffe9_fc7b_465a_994c_5b37fa114233/Q_reg[3]/C is not reached by a timing clock
Related violations: <none>

TIMING-17#37 Warning
Non-clocked sequential cell  
The clock pin flags_register7767ffe9_fc7b_465a_994c_5b37fa114233/Q_reg[4]/C is not reached by a timing clock
Related violations: <none>

TIMING-17#38 Warning
Non-clocked sequential cell  
The clock pin flags_register7767ffe9_fc7b_465a_994c_5b37fa114233/Q_reg[5]/C is not reached by a timing clock
Related violations: <none>

TIMING-17#39 Warning
Non-clocked sequential cell  
The clock pin flags_register7767ffe9_fc7b_465a_994c_5b37fa114233/Q_reg[6]/C is not reached by a timing clock
Related violations: <none>

TIMING-17#40 Warning
Non-clocked sequential cell  
The clock pin flags_register7767ffe9_fc7b_465a_994c_5b37fa114233/Q_reg[7]/C is not reached by a timing clock
Related violations: <none>

TIMING-17#41 Warning
Non-clocked sequential cell  
The clock pin instruction_register9e5dabe8_e0a0_42c4_b393_6af36048eb59/Q_reg[0]/C is not reached by a timing clock
Related violations: <none>

TIMING-17#42 Warning
Non-clocked sequential cell  
The clock pin instruction_register9e5dabe8_e0a0_42c4_b393_6af36048eb59/Q_reg[1]/C is not reached by a timing clock
Related violations: <none>

TIMING-17#43 Warning
Non-clocked sequential cell  
The clock pin instruction_register9e5dabe8_e0a0_42c4_b393_6af36048eb59/Q_reg[2]/C is not reached by a timing clock
Related violations: <none>

TIMING-17#44 Warning
Non-clocked sequential cell  
The clock pin instruction_register9e5dabe8_e0a0_42c4_b393_6af36048eb59/Q_reg[3]/C is not reached by a timing clock
Related violations: <none>

TIMING-17#45 Warning
Non-clocked sequential cell  
The clock pin instruction_register9e5dabe8_e0a0_42c4_b393_6af36048eb59/Q_reg[4]/C is not reached by a timing clock
Related violations: <none>

TIMING-17#46 Warning
Non-clocked sequential cell  
The clock pin instruction_register9e5dabe8_e0a0_42c4_b393_6af36048eb59/Q_reg[5]/C is not reached by a timing clock
Related violations: <none>

TIMING-17#47 Warning
Non-clocked sequential cell  
The clock pin instruction_register9e5dabe8_e0a0_42c4_b393_6af36048eb59/Q_reg[6]/C is not reached by a timing clock
Related violations: <none>

TIMING-17#48 Warning
Non-clocked sequential cell  
The clock pin instruction_register9e5dabe8_e0a0_42c4_b393_6af36048eb59/Q_reg[7]/C is not reached by a timing clock
Related violations: <none>

TIMING-17#49 Warning
Non-clocked sequential cell  
The clock pin main_ram058f23a5_f365_4220_8e38_da596e15e48f/mem_reg/CLKARDCLK is not reached by a timing clock
Related violations: <none>

TIMING-17#50 Warning
Non-clocked sequential cell  
The clock pin memory_address_register04bc32f9_9690_4e31_8392_6fb6950c4c9d/Q_reg[0]/C is not reached by a timing clock
Related violations: <none>

TIMING-17#51 Warning
Non-clocked sequential cell  
The clock pin memory_address_register04bc32f9_9690_4e31_8392_6fb6950c4c9d/Q_reg[1]/C is not reached by a timing clock
Related violations: <none>

TIMING-17#52 Warning
Non-clocked sequential cell  
The clock pin memory_address_register04bc32f9_9690_4e31_8392_6fb6950c4c9d/Q_reg[2]/C is not reached by a timing clock
Related violations: <none>

TIMING-17#53 Warning
Non-clocked sequential cell  
The clock pin memory_address_register04bc32f9_9690_4e31_8392_6fb6950c4c9d/Q_reg[3]/C is not reached by a timing clock
Related violations: <none>

TIMING-17#54 Warning
Non-clocked sequential cell  
The clock pin memory_address_register04bc32f9_9690_4e31_8392_6fb6950c4c9d/Q_reg[4]/C is not reached by a timing clock
Related violations: <none>

TIMING-17#55 Warning
Non-clocked sequential cell  
The clock pin memory_address_register04bc32f9_9690_4e31_8392_6fb6950c4c9d/Q_reg[5]/C is not reached by a timing clock
Related violations: <none>

TIMING-17#56 Warning
Non-clocked sequential cell  
The clock pin memory_address_register04bc32f9_9690_4e31_8392_6fb6950c4c9d/Q_reg[6]/C is not reached by a timing clock
Related violations: <none>

TIMING-17#57 Warning
Non-clocked sequential cell  
The clock pin memory_address_register04bc32f9_9690_4e31_8392_6fb6950c4c9d/Q_reg[7]/C is not reached by a timing clock
Related violations: <none>

TIMING-17#58 Warning
Non-clocked sequential cell  
The clock pin microcode_rom196a21c8_55be_4cef_aca1_0dcc542d7eb2/mem_reg/CLKARDCLK is not reached by a timing clock
Related violations: <none>

TIMING-17#59 Warning
Non-clocked sequential cell  
The clock pin microcode_rom196a21c8_55be_4cef_aca1_0dcc542d7eb2/mem_reg/CLKBWRCLK is not reached by a timing clock
Related violations: <none>

TIMING-17#60 Warning
Non-clocked sequential cell  
The clock pin microcode_step_counterdade7a7c_6f4d_4d87_97e4_e6ad97bc619f/Q_reg[0]/C is not reached by a timing clock
Related violations: <none>

TIMING-17#61 Warning
Non-clocked sequential cell  
The clock pin microcode_step_counterdade7a7c_6f4d_4d87_97e4_e6ad97bc619f/Q_reg[1]/C is not reached by a timing clock
Related violations: <none>

TIMING-17#62 Warning
Non-clocked sequential cell  
The clock pin microcode_step_counterdade7a7c_6f4d_4d87_97e4_e6ad97bc619f/Q_reg[2]/C is not reached by a timing clock
Related violations: <none>

TIMING-17#63 Warning
Non-clocked sequential cell  
The clock pin microcode_step_counterdade7a7c_6f4d_4d87_97e4_e6ad97bc619f/Q_reg[3]/C is not reached by a timing clock
Related violations: <none>

TIMING-17#64 Warning
Non-clocked sequential cell  
The clock pin microcode_step_counterdade7a7c_6f4d_4d87_97e4_e6ad97bc619f/Q_reg[4]/C is not reached by a timing clock
Related violations: <none>

TIMING-17#65 Warning
Non-clocked sequential cell  
The clock pin microcode_step_counterdade7a7c_6f4d_4d87_97e4_e6ad97bc619f/Q_reg[5]/C is not reached by a timing clock
Related violations: <none>

TIMING-17#66 Warning
Non-clocked sequential cell  
The clock pin microcode_step_counterdade7a7c_6f4d_4d87_97e4_e6ad97bc619f/Q_reg[6]/C is not reached by a timing clock
Related violations: <none>

TIMING-17#67 Warning
Non-clocked sequential cell  
The clock pin microcode_step_counterdade7a7c_6f4d_4d87_97e4_e6ad97bc619f/Q_reg[7]/C is not reached by a timing clock
Related violations: <none>

TIMING-18#1 Warning
Missing input or output delay  
An output delay is missing on LED[0] relative to clock(s) sys_clk_pin
Related violations: <none>

TIMING-18#2 Warning
Missing input or output delay  
An output delay is missing on LED[1] relative to clock(s) sys_clk_pin
Related violations: <none>

TIMING-18#3 Warning
Missing input or output delay  
An output delay is missing on LED[2] relative to clock(s) sys_clk_pin
Related violations: <none>

TIMING-18#4 Warning
Missing input or output delay  
An output delay is missing on LED[3] relative to clock(s) sys_clk_pin
Related violations: <none>

TIMING-18#5 Warning
Missing input or output delay  
An output delay is missing on ck_io40 relative to clock(s) sys_clk_pin
Related violations: <none>

TIMING-18#6 Warning
Missing input or output delay  
An output delay is missing on ck_io41 relative to clock(s) sys_clk_pin
Related violations: <none>

TIMING-18#7 Warning
Missing input or output delay  
An output delay is missing on ja[0] relative to clock(s) sys_clk_pin
Related violations: <none>

TIMING-18#8 Warning
Missing input or output delay  
An output delay is missing on ja[1] relative to clock(s) sys_clk_pin
Related violations: <none>

TIMING-18#9 Warning
Missing input or output delay  
An output delay is missing on ja[2] relative to clock(s) sys_clk_pin
Related violations: <none>

TIMING-18#10 Warning
Missing input or output delay  
An output delay is missing on ja[3] relative to clock(s) sys_clk_pin
Related violations: <none>

TIMING-18#11 Warning
Missing input or output delay  
An output delay is missing on ja[4] relative to clock(s) sys_clk_pin
Related violations: <none>

TIMING-18#12 Warning
Missing input or output delay  
An output delay is missing on ja[5] relative to clock(s) sys_clk_pin
Related violations: <none>

TIMING-18#13 Warning
Missing input or output delay  
An output delay is missing on ja[6] relative to clock(s) sys_clk_pin
Related violations: <none>

TIMING-18#14 Warning
Missing input or output delay  
An output delay is missing on ja[7] relative to clock(s) sys_clk_pin
Related violations: <none>


